<?xml version="1.0" encoding="UTF-8"?>
<!-- Generated by org.testng.reporters.JUnitReportReporter -->
<testsuite hostname="AP-HYB-jLc1JClc" failures="0" tests="3" name="com.redbus.testcase.SearchResultTest" time="60.758" errors="0" timestamp="2025-04-11T15:13:01 IST" skipped="0">
  <testcase classname="com.redbus.testcase.SearchResultTest" name="searchRoute1Day1" time="18.741"/>
  <system-out/>
  <testcase classname="com.redbus.testcase.SearchResultTest" name="searchRoute2Day2" time="23.662"/>
  <system-out/>
  <testcase classname="com.redbus.testcase.SearchResultTest" name="searchRoute3Day3" time="18.355"/>
  <system-out/>
</testsuite> <!-- com.redbus.testcase.SearchResultTest -->
